[debug] [2022-12-04T15:48:44.429Z] ----------------------------------------------------------------------
[debug] [2022-12-04T15:48:44.431Z] Command:       C:\Program Files\nodejs\node.exe C:\Users\yusif\AppData\Roaming\npm\node_modules\firebase-tools\lib\bin\firebase.js init
[debug] [2022-12-04T15:48:44.432Z] CLI Version:   11.16.1
[debug] [2022-12-04T15:48:44.432Z] Platform:      win32
[debug] [2022-12-04T15:48:44.432Z] Node Version:  v18.12.1
[debug] [2022-12-04T15:48:44.432Z] Time:          Sun Dec 04 2022 19:48:44 GMT+0400 (GMT+04:00)
[debug] [2022-12-04T15:48:44.433Z] ----------------------------------------------------------------------
[debug] 
[debug] [2022-12-04T15:48:44.441Z] > command requires scopes: ["email","openid","https://www.googleapis.com/auth/cloudplatformprojects.readonly","https://www.googleapis.com/auth/firebase","https://www.googleapis.com/auth/cloud-platform"]
[debug] [2022-12-04T15:48:44.441Z] > authorizing via signed-in user (ahmedovyusif8785@gmail.com)
[info] 
     ######## #### ########  ######## ########     ###     ######  ########
     ##        ##  ##     ## ##       ##     ##  ##   ##  ##       ##
     ######    ##  ########  ######   ########  #########  ######  ######
     ##        ##  ##    ##  ##       ##     ## ##     ##       ## ##
     ##       #### ##     ## ######## ########  ##     ##  ######  ########

You're about to initialize a Firebase project in this directory:

  D:\yusif\personal-portfolio

[info] 
=== Project Setup
[info] 
[info] First, let's associate this project directory with a Firebase project.
[info] You can create multiple project aliases by running firebase use --add, 
[info] but for now we'll just set up a default project.
[info] 
[debug] [2022-12-04T15:49:13.826Z] >>> [apiv2][query] GET https://firebase.googleapis.com/v1beta1/projects pageSize=100
[debug] [2022-12-04T15:49:14.606Z] <<< [apiv2][status] GET https://firebase.googleapis.com/v1beta1/projects 200
[debug] [2022-12-04T15:49:14.606Z] <<< [apiv2][body] GET https://firebase.googleapis.com/v1beta1/projects [omitted]
[info] i  Using project personal-portfolio-d82af (Personal-portfolio) 
[info] 
=== Hosting Setup
[info] 
[info] Your public directory is the folder (relative to your project directory) that
[info] will contain Hosting assets to be uploaded with firebase deploy. If you
[info] have a build process for your assets, use your build's output directory.
[info] 
[debug] [2022-12-04T15:50:13.353Z] >>> [apiv2][query] GET https://www.gstatic.com/firebasejs/releases.json [none]
[debug] [2022-12-04T15:50:13.561Z] <<< [apiv2][status] GET https://www.gstatic.com/firebasejs/releases.json 200
[debug] [2022-12-04T15:50:13.561Z] <<< [apiv2][body] GET https://www.gstatic.com/firebasejs/releases.json {"current":{"version":"9.14.0","browserURL":"https://www.gstatic.com/firebasejs/9.14.0/firebase.js","packageURL":"https://www.gstatic.com/firebasejs/9.14.0/firebase.tgz"},"live":{"version":"9.14","browserURL":"https://www.gstatic.com/firebasejs/live/9.14/firebase.js","packageURL":"https://www.gstatic.com/firebasejs/live/9.14/firebase.tgz"},"components":{"analytics":"https://www.gstatic.com/firebasejs/9.14.0/firebase-analytics.js","app":"https://www.gstatic.com/firebasejs/9.14.0/firebase-app.js","app-check":"https://www.gstatic.com/firebasejs/9.14.0/firebase-app-check.js","auth":"https://www.gstatic.com/firebasejs/9.14.0/firebase-auth.js","auth/cordova":"https://www.gstatic.com/firebasejs/9.14.0/firebase-auth/cordova.js","auth/react-native":"https://www.gstatic.com/firebasejs/9.14.0/firebase-auth/react-native.js","functions":"https://www.gstatic.com/firebasejs/9.14.0/firebase-functions.js","firestore":"https://www.gstatic.com/firebasejs/9.14.0/firebase-firestore.js","firestore/lite":"https://www.gstatic.com/firebasejs/9.14.0/firebase-firestore/lite.js","installations":"https://www.gstatic.com/firebasejs/9.14.0/firebase-installations.js","storage":"https://www.gstatic.com/firebasejs/9.14.0/firebase-storage.js","performance":"https://www.gstatic.com/firebasejs/9.14.0/firebase-performance.js","remote-config":"https://www.gstatic.com/firebasejs/9.14.0/firebase-remote-config.js","messaging":"https://www.gstatic.com/firebasejs/9.14.0/firebase-messaging.js","messaging/sw":"https://www.gstatic.com/firebasejs/9.14.0/firebase-messaging/sw.js","database":"https://www.gstatic.com/firebasejs/9.14.0/firebase-database.js","firestore.memory":"https://www.gstatic.com/firebasejs/9.14.0/firebase-firestore.memory.js"}}
[info] +  Wrote help/index.html 
[info] 
[info] i  Didn't detect a .git folder. Assuming D:\yusif\personal-portfolio is the project root. 
[info] i  Authorizing with GitHub to upload your service account to a GitHub repository's secrets store. 
[info] 
[info] Visit this URL on this device to log in:
[info] https://github.com/login/oauth/authorize?client_id=89cf50f02ac6aaed3484&state=719911977&redirect_uri=http%3A%2F%2Flocalhost%3A9005&scope=read%3Auser%20repo%20public_repo
[info] 
[info] Waiting for authentication...
[debug] [2022-12-04T15:50:32.817Z] >>> [apiv2][query] POST https://github.com/login/oauth/access_token [none]
[debug] [2022-12-04T15:50:32.818Z] >>> [apiv2][body] POST https://github.com/login/oauth/access_token [stream]
[debug] [2022-12-04T15:50:33.271Z] <<< [apiv2][status] POST https://github.com/login/oauth/access_token 200
[debug] [2022-12-04T15:50:33.271Z] <<< [apiv2][body] POST https://github.com/login/oauth/access_token {"access_token":"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","token_type":"bearer","scope":"read:user,repo"}
[debug] [2022-12-04T15:50:33.300Z] >>> [apiv2][query] GET https://api.github.com/user [none]
[debug] [2022-12-04T15:50:33.785Z] <<< [apiv2][status] GET https://api.github.com/user 200
[debug] [2022-12-04T15:50:33.785Z] <<< [apiv2][body] GET https://api.github.com/user {"login":"glaucc","id":88508824,"node_id":"MDQ6VXNlcjg4NTA4ODI0","avatar_url":"https://avatars.githubusercontent.com/u/88508824?v=4","gravatar_id":"","url":"https://api.github.com/users/glaucc","html_url":"https://github.com/glaucc","followers_url":"https://api.github.com/users/glaucc/followers","following_url":"https://api.github.com/users/glaucc/following{/other_user}","gists_url":"https://api.github.com/users/glaucc/gists{/gist_id}","starred_url":"https://api.github.com/users/glaucc/starred{/owner}{/repo}","subscriptions_url":"https://api.github.com/users/glaucc/subscriptions","organizations_url":"https://api.github.com/users/glaucc/orgs","repos_url":"https://api.github.com/users/glaucc/repos","events_url":"https://api.github.com/users/glaucc/events{/privacy}","received_events_url":"https://api.github.com/users/glaucc/received_events","type":"User","site_admin":false,"name":"Glauck","company":null,"blog":"","location":null,"email":null,"hireable":true,"bio":"For private business","twitter_username":null,"public_repos":4,"public_gists":0,"followers":2,"following":2,"created_at":"2021-08-05T18:30:11Z","updated_at":"2022-12-02T17:54:00Z","private_gists":0,"total_private_repos":53,"owned_private_repos":53,"disk_usage":140668,"collaborators":0,"two_factor_authentication":false,"plan":{"name":"free","space":976562499,"collaborators":0,"private_repos":10000}}
[info] 
[info] +  Success! Logged into GitHub as glaucc 
[info] 
